2024-02-29 20:57:15,995 [trainer.py] => config: ./exps/icarl.json
2024-02-29 20:57:15,995 [trainer.py] => prefix: reproduce
2024-02-29 20:57:15,995 [trainer.py] => dataset: cifar100
2024-02-29 20:57:15,995 [trainer.py] => memory_size: 2000
2024-02-29 20:57:15,995 [trainer.py] => memory_per_class: 20
2024-02-29 20:57:15,995 [trainer.py] => fixed_memory: False
2024-02-29 20:57:15,995 [trainer.py] => shuffle: True
2024-02-29 20:57:15,995 [trainer.py] => init_cls: 10
2024-02-29 20:57:15,995 [trainer.py] => increment: 10
2024-02-29 20:57:15,995 [trainer.py] => model_name: icarl
2024-02-29 20:57:15,995 [trainer.py] => convnet_type: resnet32
2024-02-29 20:57:15,995 [trainer.py] => device: [device(type='cuda', index=0), device(type='cuda', index=1), device(type='cuda', index=2), device(type='cuda', index=3)]
2024-02-29 20:57:15,995 [trainer.py] => seed: 1993
2024-02-29 20:57:28,500 [data_manager.py] => [68, 56, 78, 8, 23, 84, 90, 65, 74, 76, 40, 89, 3, 92, 55, 9, 26, 80, 43, 38, 58, 70, 77, 1, 85, 19, 17, 50, 28, 53, 13, 81, 45, 82, 6, 59, 83, 16, 15, 44, 91, 41, 72, 60, 79, 52, 20, 10, 31, 54, 37, 95, 14, 71, 96, 98, 97, 2, 64, 66, 42, 22, 35, 86, 24, 34, 87, 21, 99, 0, 88, 27, 18, 94, 11, 12, 47, 25, 30, 46, 62, 69, 36, 61, 7, 63, 75, 5, 32, 4, 51, 48, 73, 93, 39, 67, 29, 49, 57, 33]
2024-02-29 20:57:28,976 [trainer.py] => All params: 464154
2024-02-29 20:57:28,976 [trainer.py] => Trainable params: 464154
2024-02-29 20:57:28,977 [icarl.py] => Learning on 0-10
2024-02-29 20:59:18,919 [trainer.py] => config: ./exps/icarl.json
2024-02-29 20:59:18,919 [trainer.py] => prefix: reproduce
2024-02-29 20:59:18,919 [trainer.py] => dataset: cifar100
2024-02-29 20:59:18,919 [trainer.py] => memory_size: 2000
2024-02-29 20:59:18,919 [trainer.py] => memory_per_class: 20
2024-02-29 20:59:18,919 [trainer.py] => fixed_memory: False
2024-02-29 20:59:18,919 [trainer.py] => shuffle: True
2024-02-29 20:59:18,919 [trainer.py] => init_cls: 10
2024-02-29 20:59:18,919 [trainer.py] => increment: 10
2024-02-29 20:59:18,919 [trainer.py] => model_name: icarl
2024-02-29 20:59:18,919 [trainer.py] => convnet_type: resnet32
2024-02-29 20:59:18,919 [trainer.py] => device: [device(type='mps')]
2024-02-29 20:59:18,919 [trainer.py] => seed: 1993
2024-02-29 20:59:20,467 [data_manager.py] => [68, 56, 78, 8, 23, 84, 90, 65, 74, 76, 40, 89, 3, 92, 55, 9, 26, 80, 43, 38, 58, 70, 77, 1, 85, 19, 17, 50, 28, 53, 13, 81, 45, 82, 6, 59, 83, 16, 15, 44, 91, 41, 72, 60, 79, 52, 20, 10, 31, 54, 37, 95, 14, 71, 96, 98, 97, 2, 64, 66, 42, 22, 35, 86, 24, 34, 87, 21, 99, 0, 88, 27, 18, 94, 11, 12, 47, 25, 30, 46, 62, 69, 36, 61, 7, 63, 75, 5, 32, 4, 51, 48, 73, 93, 39, 67, 29, 49, 57, 33]
2024-02-29 20:59:20,657 [trainer.py] => All params: 464154
2024-02-29 20:59:20,658 [trainer.py] => Trainable params: 464154
2024-02-29 20:59:20,658 [icarl.py] => Learning on 0-10
2024-02-29 21:06:03,821 [trainer.py] => config: ./exps/icarl.json
2024-02-29 21:06:03,822 [trainer.py] => prefix: reproduce
2024-02-29 21:06:03,822 [trainer.py] => dataset: cifar100
2024-02-29 21:06:03,822 [trainer.py] => memory_size: 2000
2024-02-29 21:06:03,822 [trainer.py] => memory_per_class: 20
2024-02-29 21:06:03,822 [trainer.py] => fixed_memory: False
2024-02-29 21:06:03,822 [trainer.py] => shuffle: True
2024-02-29 21:06:03,822 [trainer.py] => init_cls: 10
2024-02-29 21:06:03,822 [trainer.py] => increment: 10
2024-02-29 21:06:03,822 [trainer.py] => model_name: icarl
2024-02-29 21:06:03,822 [trainer.py] => convnet_type: resnet32
2024-02-29 21:06:03,822 [trainer.py] => device: [device(type='mps')]
2024-02-29 21:06:03,822 [trainer.py] => seed: 1993
2024-02-29 21:06:05,368 [data_manager.py] => [68, 56, 78, 8, 23, 84, 90, 65, 74, 76, 40, 89, 3, 92, 55, 9, 26, 80, 43, 38, 58, 70, 77, 1, 85, 19, 17, 50, 28, 53, 13, 81, 45, 82, 6, 59, 83, 16, 15, 44, 91, 41, 72, 60, 79, 52, 20, 10, 31, 54, 37, 95, 14, 71, 96, 98, 97, 2, 64, 66, 42, 22, 35, 86, 24, 34, 87, 21, 99, 0, 88, 27, 18, 94, 11, 12, 47, 25, 30, 46, 62, 69, 36, 61, 7, 63, 75, 5, 32, 4, 51, 48, 73, 93, 39, 67, 29, 49, 57, 33]
2024-02-29 21:06:05,566 [trainer.py] => All params: 464154
2024-02-29 21:06:05,567 [trainer.py] => Trainable params: 464154
2024-02-29 21:06:05,567 [icarl.py] => Learning on 0-10
2024-02-29 21:21:41,638 [trainer.py] => config: ./exps/icarl.json
2024-02-29 21:21:41,638 [trainer.py] => prefix: reproduce
2024-02-29 21:21:41,638 [trainer.py] => dataset: cifar100
2024-02-29 21:21:41,638 [trainer.py] => memory_size: 2000
2024-02-29 21:21:41,638 [trainer.py] => memory_per_class: 20
2024-02-29 21:21:41,638 [trainer.py] => fixed_memory: False
2024-02-29 21:21:41,638 [trainer.py] => shuffle: True
2024-02-29 21:21:41,638 [trainer.py] => init_cls: 10
2024-02-29 21:21:41,638 [trainer.py] => increment: 10
2024-02-29 21:21:41,638 [trainer.py] => model_name: icarl
2024-02-29 21:21:41,638 [trainer.py] => convnet_type: resnet32
2024-02-29 21:21:41,638 [trainer.py] => device: [device(type='mps')]
2024-02-29 21:21:41,638 [trainer.py] => seed: 1993
2024-02-29 21:21:43,179 [data_manager.py] => [68, 56, 78, 8, 23, 84, 90, 65, 74, 76, 40, 89, 3, 92, 55, 9, 26, 80, 43, 38, 58, 70, 77, 1, 85, 19, 17, 50, 28, 53, 13, 81, 45, 82, 6, 59, 83, 16, 15, 44, 91, 41, 72, 60, 79, 52, 20, 10, 31, 54, 37, 95, 14, 71, 96, 98, 97, 2, 64, 66, 42, 22, 35, 86, 24, 34, 87, 21, 99, 0, 88, 27, 18, 94, 11, 12, 47, 25, 30, 46, 62, 69, 36, 61, 7, 63, 75, 5, 32, 4, 51, 48, 73, 93, 39, 67, 29, 49, 57, 33]
2024-02-29 21:21:43,385 [trainer.py] => All params: 464154
2024-02-29 21:21:43,385 [trainer.py] => Trainable params: 464154
2024-02-29 21:21:43,386 [icarl.py] => Learning on 0-10
2024-02-29 21:28:28,367 [trainer.py] => config: ./exps/icarl.json
2024-02-29 21:28:28,367 [trainer.py] => prefix: reproduce
2024-02-29 21:28:28,367 [trainer.py] => dataset: cifar100
2024-02-29 21:28:28,367 [trainer.py] => memory_size: 2000
2024-02-29 21:28:28,367 [trainer.py] => memory_per_class: 20
2024-02-29 21:28:28,367 [trainer.py] => fixed_memory: False
2024-02-29 21:28:28,368 [trainer.py] => shuffle: True
2024-02-29 21:28:28,368 [trainer.py] => init_cls: 10
2024-02-29 21:28:28,368 [trainer.py] => increment: 10
2024-02-29 21:28:28,368 [trainer.py] => model_name: icarl
2024-02-29 21:28:28,368 [trainer.py] => convnet_type: resnet32
2024-02-29 21:28:28,368 [trainer.py] => device: [device(type='mps')]
2024-02-29 21:28:28,368 [trainer.py] => seed: 1993
2024-02-29 21:28:29,895 [data_manager.py] => [68, 56, 78, 8, 23, 84, 90, 65, 74, 76, 40, 89, 3, 92, 55, 9, 26, 80, 43, 38, 58, 70, 77, 1, 85, 19, 17, 50, 28, 53, 13, 81, 45, 82, 6, 59, 83, 16, 15, 44, 91, 41, 72, 60, 79, 52, 20, 10, 31, 54, 37, 95, 14, 71, 96, 98, 97, 2, 64, 66, 42, 22, 35, 86, 24, 34, 87, 21, 99, 0, 88, 27, 18, 94, 11, 12, 47, 25, 30, 46, 62, 69, 36, 61, 7, 63, 75, 5, 32, 4, 51, 48, 73, 93, 39, 67, 29, 49, 57, 33]
2024-02-29 21:28:30,087 [trainer.py] => All params: 464154
2024-02-29 21:28:30,087 [trainer.py] => Trainable params: 464154
2024-02-29 21:28:30,087 [icarl.py] => Learning on 0-10
2024-02-29 21:30:44,068 [trainer.py] => config: ./exps/icarl.json
2024-02-29 21:30:44,068 [trainer.py] => prefix: reproduce
2024-02-29 21:30:44,068 [trainer.py] => dataset: cifar100
2024-02-29 21:30:44,068 [trainer.py] => memory_size: 2000
2024-02-29 21:30:44,068 [trainer.py] => memory_per_class: 20
2024-02-29 21:30:44,068 [trainer.py] => fixed_memory: False
2024-02-29 21:30:44,068 [trainer.py] => shuffle: True
2024-02-29 21:30:44,068 [trainer.py] => init_cls: 10
2024-02-29 21:30:44,068 [trainer.py] => increment: 10
2024-02-29 21:30:44,068 [trainer.py] => model_name: icarl
2024-02-29 21:30:44,068 [trainer.py] => convnet_type: resnet32
2024-02-29 21:30:44,068 [trainer.py] => device: [device(type='mps')]
2024-02-29 21:30:44,068 [trainer.py] => seed: 1993
2024-02-29 21:30:45,615 [data_manager.py] => [68, 56, 78, 8, 23, 84, 90, 65, 74, 76, 40, 89, 3, 92, 55, 9, 26, 80, 43, 38, 58, 70, 77, 1, 85, 19, 17, 50, 28, 53, 13, 81, 45, 82, 6, 59, 83, 16, 15, 44, 91, 41, 72, 60, 79, 52, 20, 10, 31, 54, 37, 95, 14, 71, 96, 98, 97, 2, 64, 66, 42, 22, 35, 86, 24, 34, 87, 21, 99, 0, 88, 27, 18, 94, 11, 12, 47, 25, 30, 46, 62, 69, 36, 61, 7, 63, 75, 5, 32, 4, 51, 48, 73, 93, 39, 67, 29, 49, 57, 33]
2024-02-29 21:30:45,807 [trainer.py] => All params: 464154
2024-02-29 21:30:45,808 [trainer.py] => Trainable params: 464154
2024-02-29 21:30:45,808 [icarl.py] => Learning on 0-10
