2024-02-29 22:02:57,657 [trainer.py] => config: ./exps/icarl.json
2024-02-29 22:02:57,657 [trainer.py] => prefix: reproduce
2024-02-29 22:02:57,657 [trainer.py] => dataset: cifar100
2024-02-29 22:02:57,657 [trainer.py] => memory_size: 2000
2024-02-29 22:02:57,657 [trainer.py] => memory_per_class: 20
2024-02-29 22:02:57,658 [trainer.py] => fixed_memory: False
2024-02-29 22:02:57,658 [trainer.py] => shuffle: True
2024-02-29 22:02:57,658 [trainer.py] => init_cls: 10
2024-02-29 22:02:57,658 [trainer.py] => increment: 10
2024-02-29 22:02:57,658 [trainer.py] => model_name: icarl
2024-02-29 22:02:57,658 [trainer.py] => convnet_type: resnet18
2024-02-29 22:02:57,658 [trainer.py] => device: [device(type='mps')]
2024-02-29 22:02:57,658 [trainer.py] => seed: 1993
2024-02-29 22:02:59,200 [data_manager.py] => [68, 56, 78, 8, 23, 84, 90, 65, 74, 76, 40, 89, 3, 92, 55, 9, 26, 80, 43, 38, 58, 70, 77, 1, 85, 19, 17, 50, 28, 53, 13, 81, 45, 82, 6, 59, 83, 16, 15, 44, 91, 41, 72, 60, 79, 52, 20, 10, 31, 54, 37, 95, 14, 71, 96, 98, 97, 2, 64, 66, 42, 22, 35, 86, 24, 34, 87, 21, 99, 0, 88, 27, 18, 94, 11, 12, 47, 25, 30, 46, 62, 69, 36, 61, 7, 63, 75, 5, 32, 4, 51, 48, 73, 93, 39, 67, 29, 49, 57, 33]
2024-02-29 22:03:14,185 [trainer.py] => config: ./exps/icarl.json
2024-02-29 22:03:14,188 [trainer.py] => prefix: reproduce
2024-02-29 22:03:14,189 [trainer.py] => dataset: cifar100
2024-02-29 22:03:14,189 [trainer.py] => memory_size: 2000
2024-02-29 22:03:14,189 [trainer.py] => memory_per_class: 20
2024-02-29 22:03:14,189 [trainer.py] => fixed_memory: False
2024-02-29 22:03:14,189 [trainer.py] => shuffle: True
2024-02-29 22:03:14,189 [trainer.py] => init_cls: 10
2024-02-29 22:03:14,189 [trainer.py] => increment: 10
2024-02-29 22:03:14,189 [trainer.py] => model_name: icarl
2024-02-29 22:03:14,189 [trainer.py] => convnet_type: resnet18
2024-02-29 22:03:14,189 [trainer.py] => device: [device(type='mps')]
2024-02-29 22:03:14,193 [trainer.py] => seed: 1993
2024-02-29 22:03:15,731 [data_manager.py] => [68, 56, 78, 8, 23, 84, 90, 65, 74, 76, 40, 89, 3, 92, 55, 9, 26, 80, 43, 38, 58, 70, 77, 1, 85, 19, 17, 50, 28, 53, 13, 81, 45, 82, 6, 59, 83, 16, 15, 44, 91, 41, 72, 60, 79, 52, 20, 10, 31, 54, 37, 95, 14, 71, 96, 98, 97, 2, 64, 66, 42, 22, 35, 86, 24, 34, 87, 21, 99, 0, 88, 27, 18, 94, 11, 12, 47, 25, 30, 46, 62, 69, 36, 61, 7, 63, 75, 5, 32, 4, 51, 48, 73, 93, 39, 67, 29, 49, 57, 33]
2024-02-29 22:03:28,577 [trainer.py] => All params: 11168832
2024-02-29 22:03:28,577 [trainer.py] => Trainable params: 11168832
2024-02-29 22:03:28,578 [icarl.py] => Learning on 0-10
2024-02-29 22:09:46,830 [trainer.py] => config: ./exps/icarl.json
2024-02-29 22:09:46,830 [trainer.py] => prefix: reproduce
2024-02-29 22:09:46,830 [trainer.py] => dataset: cifar100
2024-02-29 22:09:46,830 [trainer.py] => memory_size: 2000
2024-02-29 22:09:46,830 [trainer.py] => memory_per_class: 20
2024-02-29 22:09:46,830 [trainer.py] => fixed_memory: False
2024-02-29 22:09:46,831 [trainer.py] => shuffle: True
2024-02-29 22:09:46,831 [trainer.py] => init_cls: 10
2024-02-29 22:09:46,831 [trainer.py] => increment: 10
2024-02-29 22:09:46,831 [trainer.py] => model_name: icarl
2024-02-29 22:09:46,831 [trainer.py] => convnet_type: resnet18
2024-02-29 22:09:46,831 [trainer.py] => device: [device(type='mps')]
2024-02-29 22:09:46,831 [trainer.py] => seed: 1993
2024-02-29 22:09:48,382 [data_manager.py] => [68, 56, 78, 8, 23, 84, 90, 65, 74, 76, 40, 89, 3, 92, 55, 9, 26, 80, 43, 38, 58, 70, 77, 1, 85, 19, 17, 50, 28, 53, 13, 81, 45, 82, 6, 59, 83, 16, 15, 44, 91, 41, 72, 60, 79, 52, 20, 10, 31, 54, 37, 95, 14, 71, 96, 98, 97, 2, 64, 66, 42, 22, 35, 86, 24, 34, 87, 21, 99, 0, 88, 27, 18, 94, 11, 12, 47, 25, 30, 46, 62, 69, 36, 61, 7, 63, 75, 5, 32, 4, 51, 48, 73, 93, 39, 67, 29, 49, 57, 33]
2024-02-29 22:09:48,800 [trainer.py] => All params: 11168832
2024-02-29 22:09:48,800 [trainer.py] => Trainable params: 11168832
2024-02-29 22:09:48,800 [icarl.py] => Learning on 0-10
2024-02-29 22:15:54,574 [trainer.py] => config: ./exps/icarl.json
2024-02-29 22:15:54,574 [trainer.py] => prefix: reproduce
2024-02-29 22:15:54,574 [trainer.py] => dataset: cifar100
2024-02-29 22:15:54,574 [trainer.py] => memory_size: 2000
2024-02-29 22:15:54,574 [trainer.py] => memory_per_class: 20
2024-02-29 22:15:54,574 [trainer.py] => fixed_memory: False
2024-02-29 22:15:54,574 [trainer.py] => shuffle: True
2024-02-29 22:15:54,574 [trainer.py] => init_cls: 10
2024-02-29 22:15:54,574 [trainer.py] => increment: 10
2024-02-29 22:15:54,574 [trainer.py] => model_name: icarl
2024-02-29 22:15:54,574 [trainer.py] => convnet_type: resnet18
2024-02-29 22:15:54,574 [trainer.py] => device: [device(type='mps')]
2024-02-29 22:15:54,574 [trainer.py] => seed: 1993
2024-02-29 22:15:56,116 [data_manager.py] => [68, 56, 78, 8, 23, 84, 90, 65, 74, 76, 40, 89, 3, 92, 55, 9, 26, 80, 43, 38, 58, 70, 77, 1, 85, 19, 17, 50, 28, 53, 13, 81, 45, 82, 6, 59, 83, 16, 15, 44, 91, 41, 72, 60, 79, 52, 20, 10, 31, 54, 37, 95, 14, 71, 96, 98, 97, 2, 64, 66, 42, 22, 35, 86, 24, 34, 87, 21, 99, 0, 88, 27, 18, 94, 11, 12, 47, 25, 30, 46, 62, 69, 36, 61, 7, 63, 75, 5, 32, 4, 51, 48, 73, 93, 39, 67, 29, 49, 57, 33]
2024-02-29 22:15:56,511 [trainer.py] => All params: 11168832
2024-02-29 22:15:56,512 [trainer.py] => Trainable params: 11168832
2024-02-29 22:15:56,512 [icarl.py] => Learning on 0-10
2024-02-29 22:36:14,998 [trainer.py] => config: ./exps/icarl.json
2024-02-29 22:36:14,999 [trainer.py] => prefix: reproduce
2024-02-29 22:36:14,999 [trainer.py] => dataset: cifar100
2024-02-29 22:36:14,999 [trainer.py] => memory_size: 2000
2024-02-29 22:36:14,999 [trainer.py] => memory_per_class: 20
2024-02-29 22:36:14,999 [trainer.py] => fixed_memory: False
2024-02-29 22:36:14,999 [trainer.py] => shuffle: True
2024-02-29 22:36:14,999 [trainer.py] => init_cls: 10
2024-02-29 22:36:14,999 [trainer.py] => increment: 10
2024-02-29 22:36:14,999 [trainer.py] => model_name: icarl
2024-02-29 22:36:14,999 [trainer.py] => convnet_type: resnet18
2024-02-29 22:36:14,999 [trainer.py] => device: [device(type='mps')]
2024-02-29 22:36:14,999 [trainer.py] => seed: 1993
2024-02-29 22:36:16,540 [data_manager.py] => [68, 56, 78, 8, 23, 84, 90, 65, 74, 76, 40, 89, 3, 92, 55, 9, 26, 80, 43, 38, 58, 70, 77, 1, 85, 19, 17, 50, 28, 53, 13, 81, 45, 82, 6, 59, 83, 16, 15, 44, 91, 41, 72, 60, 79, 52, 20, 10, 31, 54, 37, 95, 14, 71, 96, 98, 97, 2, 64, 66, 42, 22, 35, 86, 24, 34, 87, 21, 99, 0, 88, 27, 18, 94, 11, 12, 47, 25, 30, 46, 62, 69, 36, 61, 7, 63, 75, 5, 32, 4, 51, 48, 73, 93, 39, 67, 29, 49, 57, 33]
2024-02-29 22:36:16,952 [trainer.py] => All params: 11168832
2024-02-29 22:36:16,952 [trainer.py] => Trainable params: 11168832
2024-02-29 22:36:16,952 [icarl.py] => Learning on 0-10
2024-02-29 22:58:57,153 [trainer.py] => config: ./exps/icarl.json
2024-02-29 22:58:57,153 [trainer.py] => prefix: reproduce
2024-02-29 22:58:57,153 [trainer.py] => dataset: cifar100
2024-02-29 22:58:57,154 [trainer.py] => memory_size: 2000
2024-02-29 22:58:57,154 [trainer.py] => memory_per_class: 20
2024-02-29 22:58:57,154 [trainer.py] => fixed_memory: False
2024-02-29 22:58:57,154 [trainer.py] => shuffle: True
2024-02-29 22:58:57,154 [trainer.py] => init_cls: 10
2024-02-29 22:58:57,154 [trainer.py] => increment: 10
2024-02-29 22:58:57,154 [trainer.py] => model_name: icarl
2024-02-29 22:58:57,154 [trainer.py] => convnet_type: resnet18
2024-02-29 22:58:57,154 [trainer.py] => device: [device(type='mps')]
2024-02-29 22:58:57,154 [trainer.py] => seed: 1993
2024-02-29 22:58:58,683 [data_manager.py] => [68, 56, 78, 8, 23, 84, 90, 65, 74, 76, 40, 89, 3, 92, 55, 9, 26, 80, 43, 38, 58, 70, 77, 1, 85, 19, 17, 50, 28, 53, 13, 81, 45, 82, 6, 59, 83, 16, 15, 44, 91, 41, 72, 60, 79, 52, 20, 10, 31, 54, 37, 95, 14, 71, 96, 98, 97, 2, 64, 66, 42, 22, 35, 86, 24, 34, 87, 21, 99, 0, 88, 27, 18, 94, 11, 12, 47, 25, 30, 46, 62, 69, 36, 61, 7, 63, 75, 5, 32, 4, 51, 48, 73, 93, 39, 67, 29, 49, 57, 33]
2024-02-29 22:58:59,080 [trainer.py] => All params: 11168832
2024-02-29 22:58:59,080 [trainer.py] => Trainable params: 11168832
2024-02-29 22:58:59,080 [icarl.py] => Learning on 0-10
2024-02-29 23:00:20,522 [trainer.py] => config: ./exps/icarl.json
2024-02-29 23:00:20,522 [trainer.py] => prefix: reproduce
2024-02-29 23:00:20,522 [trainer.py] => dataset: cifar100
2024-02-29 23:00:20,522 [trainer.py] => memory_size: 2000
2024-02-29 23:00:20,522 [trainer.py] => memory_per_class: 20
2024-02-29 23:00:20,522 [trainer.py] => fixed_memory: False
2024-02-29 23:00:20,522 [trainer.py] => shuffle: True
2024-02-29 23:00:20,522 [trainer.py] => init_cls: 10
2024-02-29 23:00:20,522 [trainer.py] => increment: 10
2024-02-29 23:00:20,522 [trainer.py] => model_name: icarl
2024-02-29 23:00:20,523 [trainer.py] => convnet_type: resnet18
2024-02-29 23:00:20,523 [trainer.py] => device: [device(type='mps')]
2024-02-29 23:00:20,523 [trainer.py] => seed: 1993
2024-02-29 23:00:22,056 [data_manager.py] => [68, 56, 78, 8, 23, 84, 90, 65, 74, 76, 40, 89, 3, 92, 55, 9, 26, 80, 43, 38, 58, 70, 77, 1, 85, 19, 17, 50, 28, 53, 13, 81, 45, 82, 6, 59, 83, 16, 15, 44, 91, 41, 72, 60, 79, 52, 20, 10, 31, 54, 37, 95, 14, 71, 96, 98, 97, 2, 64, 66, 42, 22, 35, 86, 24, 34, 87, 21, 99, 0, 88, 27, 18, 94, 11, 12, 47, 25, 30, 46, 62, 69, 36, 61, 7, 63, 75, 5, 32, 4, 51, 48, 73, 93, 39, 67, 29, 49, 57, 33]
2024-02-29 23:00:22,437 [trainer.py] => All params: 11168832
2024-02-29 23:00:22,437 [trainer.py] => Trainable params: 11168832
2024-02-29 23:00:22,437 [icarl.py] => Learning on 0-10
2024-02-29 23:03:50,810 [icarl.py] => Task 0, Epoch 10/10 => Loss 4.247, Train_accy 12.00
2024-02-29 23:03:50,811 [base.py] => Reducing exemplars...(200 per classes)
2024-02-29 23:03:50,812 [base.py] => Constructing exemplars...(200 per classes)
2024-02-29 23:14:50,410 [trainer.py] => config: ./exps/icarl.json
2024-02-29 23:14:50,410 [trainer.py] => prefix: reproduce
2024-02-29 23:14:50,410 [trainer.py] => dataset: cifar100
2024-02-29 23:14:50,410 [trainer.py] => memory_size: 2000
2024-02-29 23:14:50,410 [trainer.py] => memory_per_class: 20
2024-02-29 23:14:50,410 [trainer.py] => fixed_memory: False
2024-02-29 23:14:50,410 [trainer.py] => shuffle: True
2024-02-29 23:14:50,410 [trainer.py] => init_cls: 10
2024-02-29 23:14:50,410 [trainer.py] => increment: 10
2024-02-29 23:14:50,410 [trainer.py] => model_name: icarl
2024-02-29 23:14:50,410 [trainer.py] => convnet_type: resnet18
2024-02-29 23:14:50,410 [trainer.py] => device: [device(type='mps')]
2024-02-29 23:14:50,410 [trainer.py] => seed: 1993
2024-02-29 23:14:51,946 [data_manager.py] => [68, 56, 78, 8, 23, 84, 90, 65, 74, 76, 40, 89, 3, 92, 55, 9, 26, 80, 43, 38, 58, 70, 77, 1, 85, 19, 17, 50, 28, 53, 13, 81, 45, 82, 6, 59, 83, 16, 15, 44, 91, 41, 72, 60, 79, 52, 20, 10, 31, 54, 37, 95, 14, 71, 96, 98, 97, 2, 64, 66, 42, 22, 35, 86, 24, 34, 87, 21, 99, 0, 88, 27, 18, 94, 11, 12, 47, 25, 30, 46, 62, 69, 36, 61, 7, 63, 75, 5, 32, 4, 51, 48, 73, 93, 39, 67, 29, 49, 57, 33]
2024-02-29 23:14:52,359 [trainer.py] => All params: 11168832
2024-02-29 23:14:52,359 [trainer.py] => Trainable params: 11168832
2024-02-29 23:14:52,359 [icarl.py] => Learning on 0-10
2024-02-29 23:18:20,928 [icarl.py] => Task 0, Epoch 10/10 => Loss 4.247, Train_accy 12.00
2024-02-29 23:18:20,929 [base.py] => Reducing exemplars...(200 per classes)
2024-02-29 23:18:20,929 [base.py] => Constructing exemplars...(200 per classes)
2024-02-29 23:22:57,988 [trainer.py] => config: ./exps/icarl.json
2024-02-29 23:22:57,988 [trainer.py] => prefix: reproduce
2024-02-29 23:22:57,988 [trainer.py] => dataset: cifar100
2024-02-29 23:22:57,988 [trainer.py] => memory_size: 2000
2024-02-29 23:22:57,988 [trainer.py] => memory_per_class: 20
2024-02-29 23:22:57,988 [trainer.py] => fixed_memory: False
2024-02-29 23:22:57,988 [trainer.py] => shuffle: True
2024-02-29 23:22:57,988 [trainer.py] => init_cls: 10
2024-02-29 23:22:57,988 [trainer.py] => increment: 10
2024-02-29 23:22:57,988 [trainer.py] => model_name: icarl
2024-02-29 23:22:57,988 [trainer.py] => convnet_type: resnet18
2024-02-29 23:22:57,988 [trainer.py] => device: [device(type='mps')]
2024-02-29 23:22:57,988 [trainer.py] => seed: 1993
2024-02-29 23:22:59,525 [data_manager.py] => [68, 56, 78, 8, 23, 84, 90, 65, 74, 76, 40, 89, 3, 92, 55, 9, 26, 80, 43, 38, 58, 70, 77, 1, 85, 19, 17, 50, 28, 53, 13, 81, 45, 82, 6, 59, 83, 16, 15, 44, 91, 41, 72, 60, 79, 52, 20, 10, 31, 54, 37, 95, 14, 71, 96, 98, 97, 2, 64, 66, 42, 22, 35, 86, 24, 34, 87, 21, 99, 0, 88, 27, 18, 94, 11, 12, 47, 25, 30, 46, 62, 69, 36, 61, 7, 63, 75, 5, 32, 4, 51, 48, 73, 93, 39, 67, 29, 49, 57, 33]
2024-02-29 23:22:59,907 [trainer.py] => All params: 11168832
2024-02-29 23:22:59,908 [trainer.py] => Trainable params: 11168832
2024-02-29 23:22:59,908 [icarl.py] => Learning on 0-10
2024-02-29 23:23:24,055 [trainer.py] => config: ./exps/icarl.json
2024-02-29 23:23:24,055 [trainer.py] => prefix: reproduce
2024-02-29 23:23:24,055 [trainer.py] => dataset: cifar100
2024-02-29 23:23:24,055 [trainer.py] => memory_size: 2000
2024-02-29 23:23:24,055 [trainer.py] => memory_per_class: 20
2024-02-29 23:23:24,055 [trainer.py] => fixed_memory: False
2024-02-29 23:23:24,056 [trainer.py] => shuffle: True
2024-02-29 23:23:24,056 [trainer.py] => init_cls: 10
2024-02-29 23:23:24,056 [trainer.py] => increment: 10
2024-02-29 23:23:24,056 [trainer.py] => model_name: icarl
2024-02-29 23:23:24,056 [trainer.py] => convnet_type: resnet18
2024-02-29 23:23:24,056 [trainer.py] => device: [device(type='cpu')]
2024-02-29 23:23:24,056 [trainer.py] => seed: 1993
2024-02-29 23:23:25,595 [data_manager.py] => [68, 56, 78, 8, 23, 84, 90, 65, 74, 76, 40, 89, 3, 92, 55, 9, 26, 80, 43, 38, 58, 70, 77, 1, 85, 19, 17, 50, 28, 53, 13, 81, 45, 82, 6, 59, 83, 16, 15, 44, 91, 41, 72, 60, 79, 52, 20, 10, 31, 54, 37, 95, 14, 71, 96, 98, 97, 2, 64, 66, 42, 22, 35, 86, 24, 34, 87, 21, 99, 0, 88, 27, 18, 94, 11, 12, 47, 25, 30, 46, 62, 69, 36, 61, 7, 63, 75, 5, 32, 4, 51, 48, 73, 93, 39, 67, 29, 49, 57, 33]
2024-02-29 23:23:25,981 [trainer.py] => All params: 11168832
2024-02-29 23:23:25,981 [trainer.py] => Trainable params: 11168832
2024-02-29 23:23:25,981 [icarl.py] => Learning on 0-10
2024-02-29 23:28:48,603 [icarl.py] => Task 0, Epoch 10/10 => Loss 4.642, Train_accy 12.00
2024-02-29 23:28:48,607 [base.py] => Reducing exemplars...(200 per classes)
2024-02-29 23:28:48,609 [base.py] => Constructing exemplars...(200 per classes)
2024-02-29 23:39:03,168 [trainer.py] => config: ./exps/icarl.json
2024-02-29 23:39:03,168 [trainer.py] => prefix: reproduce
2024-02-29 23:39:03,168 [trainer.py] => dataset: cifar100
2024-02-29 23:39:03,168 [trainer.py] => memory_size: 2000
2024-02-29 23:39:03,168 [trainer.py] => memory_per_class: 20
2024-02-29 23:39:03,168 [trainer.py] => fixed_memory: False
2024-02-29 23:39:03,168 [trainer.py] => shuffle: True
2024-02-29 23:39:03,168 [trainer.py] => init_cls: 10
2024-02-29 23:39:03,168 [trainer.py] => increment: 10
2024-02-29 23:39:03,168 [trainer.py] => model_name: icarl
2024-02-29 23:39:03,168 [trainer.py] => convnet_type: resnet18
2024-02-29 23:39:03,168 [trainer.py] => device: [device(type='mps')]
2024-02-29 23:39:03,168 [trainer.py] => seed: 1993
2024-02-29 23:39:24,332 [trainer.py] => config: ./exps/icarl.json
2024-02-29 23:39:24,332 [trainer.py] => prefix: reproduce
2024-02-29 23:39:24,332 [trainer.py] => dataset: cifar100
2024-02-29 23:39:24,332 [trainer.py] => memory_size: 2000
2024-02-29 23:39:24,332 [trainer.py] => memory_per_class: 20
2024-02-29 23:39:24,332 [trainer.py] => fixed_memory: False
2024-02-29 23:39:24,332 [trainer.py] => shuffle: True
2024-02-29 23:39:24,332 [trainer.py] => init_cls: 10
2024-02-29 23:39:24,332 [trainer.py] => increment: 10
2024-02-29 23:39:24,332 [trainer.py] => model_name: icarl
2024-02-29 23:39:24,332 [trainer.py] => convnet_type: resnet18
2024-02-29 23:39:24,332 [trainer.py] => device: [device(type='mps')]
2024-02-29 23:39:24,332 [trainer.py] => seed: 1993
2024-02-29 23:39:25,877 [data_manager.py] => [68, 56, 78, 8, 23, 84, 90, 65, 74, 76, 40, 89, 3, 92, 55, 9, 26, 80, 43, 38, 58, 70, 77, 1, 85, 19, 17, 50, 28, 53, 13, 81, 45, 82, 6, 59, 83, 16, 15, 44, 91, 41, 72, 60, 79, 52, 20, 10, 31, 54, 37, 95, 14, 71, 96, 98, 97, 2, 64, 66, 42, 22, 35, 86, 24, 34, 87, 21, 99, 0, 88, 27, 18, 94, 11, 12, 47, 25, 30, 46, 62, 69, 36, 61, 7, 63, 75, 5, 32, 4, 51, 48, 73, 93, 39, 67, 29, 49, 57, 33]
2024-02-29 23:39:26,287 [trainer.py] => All params: 11168832
2024-02-29 23:39:26,287 [trainer.py] => Trainable params: 11168832
2024-02-29 23:39:26,287 [icarl.py] => Learning on 0-10
2024-02-29 23:41:13,255 [icarl.py] => Task 0, Epoch 5/5 => Loss 5.223, Train_accy 11.00
2024-02-29 23:41:13,257 [base.py] => Reducing exemplars...(200 per classes)
2024-02-29 23:41:13,257 [base.py] => Constructing exemplars...(200 per classes)
2024-02-29 23:42:37,526 [trainer.py] => config: ./exps/icarl.json
2024-02-29 23:42:37,526 [trainer.py] => prefix: reproduce
2024-02-29 23:42:37,526 [trainer.py] => dataset: cifar100
2024-02-29 23:42:37,526 [trainer.py] => memory_size: 2000
2024-02-29 23:42:37,526 [trainer.py] => memory_per_class: 20
2024-02-29 23:42:37,526 [trainer.py] => fixed_memory: False
2024-02-29 23:42:37,526 [trainer.py] => shuffle: True
2024-02-29 23:42:37,526 [trainer.py] => init_cls: 10
2024-02-29 23:42:37,526 [trainer.py] => increment: 10
2024-02-29 23:42:37,526 [trainer.py] => model_name: icarl
2024-02-29 23:42:37,526 [trainer.py] => convnet_type: resnet18
2024-02-29 23:42:37,526 [trainer.py] => device: [device(type='mps')]
2024-02-29 23:42:37,527 [trainer.py] => seed: 1993
2024-02-29 23:42:39,061 [data_manager.py] => [68, 56, 78, 8, 23, 84, 90, 65, 74, 76, 40, 89, 3, 92, 55, 9, 26, 80, 43, 38, 58, 70, 77, 1, 85, 19, 17, 50, 28, 53, 13, 81, 45, 82, 6, 59, 83, 16, 15, 44, 91, 41, 72, 60, 79, 52, 20, 10, 31, 54, 37, 95, 14, 71, 96, 98, 97, 2, 64, 66, 42, 22, 35, 86, 24, 34, 87, 21, 99, 0, 88, 27, 18, 94, 11, 12, 47, 25, 30, 46, 62, 69, 36, 61, 7, 63, 75, 5, 32, 4, 51, 48, 73, 93, 39, 67, 29, 49, 57, 33]
2024-02-29 23:42:39,446 [trainer.py] => All params: 11168832
2024-02-29 23:42:39,446 [trainer.py] => Trainable params: 11168832
2024-02-29 23:42:39,447 [icarl.py] => Learning on 0-10
2024-02-29 23:44:27,744 [icarl.py] => Task 0, Epoch 5/5 => Loss 5.223, Train_accy 11.00
2024-02-29 23:44:27,749 [base.py] => Reducing exemplars...(1 per classes)
2024-02-29 23:44:27,750 [base.py] => Constructing exemplars...(1 per classes)
2024-02-29 23:47:28,957 [icarl.py] => Exemplar size: 10
2024-02-29 23:47:28,958 [trainer.py] => CNN: {'total': 10.0, '00-09': 10.0, 'old': 0, 'new': 10.0}
2024-02-29 23:47:28,958 [trainer.py] => NME: {'total': 17.0, '00-09': 17.0, 'old': 0, 'new': 17.0}
2024-02-29 23:47:28,958 [trainer.py] => CNN top1 curve: [10.0]
2024-02-29 23:47:28,958 [trainer.py] => CNN top5 curve: [50.0]
2024-02-29 23:47:28,958 [trainer.py] => NME top1 curve: [17.0]
2024-02-29 23:47:28,958 [trainer.py] => NME top5 curve: [62.0]

2024-02-29 23:47:28,958 [trainer.py] => Average Accuracy (CNN): 10.0
2024-02-29 23:47:28,958 [trainer.py] => Average Accuracy (NME): 17.0
2024-02-29 23:47:28,959 [trainer.py] => All params: 11173962
2024-02-29 23:47:28,959 [trainer.py] => Trainable params: 11173962
2024-02-29 23:47:29,001 [icarl.py] => Learning on 10-20
2024-03-01 00:04:15,044 [trainer.py] => config: ./exps/icarl.json
2024-03-01 00:04:15,044 [trainer.py] => prefix: reproduce
2024-03-01 00:04:15,044 [trainer.py] => dataset: cifar100
2024-03-01 00:04:15,044 [trainer.py] => memory_size: 2000
2024-03-01 00:04:15,044 [trainer.py] => memory_per_class: 20
2024-03-01 00:04:15,044 [trainer.py] => fixed_memory: False
2024-03-01 00:04:15,044 [trainer.py] => shuffle: True
2024-03-01 00:04:15,044 [trainer.py] => init_cls: 10
2024-03-01 00:04:15,044 [trainer.py] => increment: 10
2024-03-01 00:04:15,044 [trainer.py] => model_name: icarl
2024-03-01 00:04:15,044 [trainer.py] => convnet_type: resnet18
2024-03-01 00:04:15,044 [trainer.py] => device: [device(type='mps')]
2024-03-01 00:04:15,044 [trainer.py] => seed: 1993
2024-03-01 00:04:16,608 [data_manager.py] => [68, 56, 78, 8, 23, 84, 90, 65, 74, 76, 40, 89, 3, 92, 55, 9, 26, 80, 43, 38, 58, 70, 77, 1, 85, 19, 17, 50, 28, 53, 13, 81, 45, 82, 6, 59, 83, 16, 15, 44, 91, 41, 72, 60, 79, 52, 20, 10, 31, 54, 37, 95, 14, 71, 96, 98, 97, 2, 64, 66, 42, 22, 35, 86, 24, 34, 87, 21, 99, 0, 88, 27, 18, 94, 11, 12, 47, 25, 30, 46, 62, 69, 36, 61, 7, 63, 75, 5, 32, 4, 51, 48, 73, 93, 39, 67, 29, 49, 57, 33]
2024-03-01 00:04:17,038 [trainer.py] => All params: 11168832
2024-03-01 00:04:17,039 [trainer.py] => Trainable params: 11168832
2024-03-01 00:04:17,039 [icarl.py] => Learning on 0-10
2024-03-01 00:15:04,885 [icarl.py] => Task 0, Epoch 10/10 => Loss 1.937, Train_accy 29.60
2024-03-01 00:15:04,886 [base.py] => Reducing exemplars...(10 per classes)
2024-03-01 00:15:04,889 [base.py] => Constructing exemplars...(10 per classes)
2024-03-01 00:20:51,031 [icarl.py] => Exemplar size: 100
2024-03-01 00:20:51,031 [trainer.py] => CNN: {'total': 29.7, '00-09': 29.7, 'old': 0, 'new': 29.7}
2024-03-01 00:20:51,031 [trainer.py] => NME: {'total': 27.5, '00-09': 27.5, 'old': 0, 'new': 27.5}
2024-03-01 00:20:51,031 [trainer.py] => CNN top1 curve: [29.7]
2024-03-01 00:20:51,031 [trainer.py] => CNN top5 curve: [82.7]
2024-03-01 00:20:51,032 [trainer.py] => NME top1 curve: [27.5]
2024-03-01 00:20:51,032 [trainer.py] => NME top5 curve: [79.7]

2024-03-01 00:20:51,032 [trainer.py] => Average Accuracy (CNN): 29.7
2024-03-01 00:20:51,032 [trainer.py] => Average Accuracy (NME): 27.5
2024-03-01 00:20:51,032 [trainer.py] => All params: 11173962
2024-03-01 00:20:51,032 [trainer.py] => Trainable params: 11173962
2024-03-01 00:20:51,059 [icarl.py] => Learning on 10-20
2024-03-01 00:31:43,687 [icarl.py] => Task 1, Epoch 10/10 => Loss 4.302, Train_accy 29.64
2024-03-01 00:31:43,689 [base.py] => Reducing exemplars...(10 per classes)
2024-03-01 00:32:55,060 [base.py] => Constructing exemplars...(10 per classes)
2024-03-01 00:38:41,650 [icarl.py] => Exemplar size: 200
2024-03-01 00:38:41,651 [trainer.py] => CNN: {'total': 16.05, '00-09': 0.0, '10-19': 32.1, 'old': 0.0, 'new': 32.1}
2024-03-01 00:38:41,651 [trainer.py] => NME: {'total': 21.95, '00-09': 19.9, '10-19': 24.0, 'old': 19.9, 'new': 24.0}
2024-03-01 00:38:41,651 [trainer.py] => CNN top1 curve: [29.7, 16.05]
2024-03-01 00:38:41,651 [trainer.py] => CNN top5 curve: [82.7, 48.25]
2024-03-01 00:38:41,651 [trainer.py] => NME top1 curve: [27.5, 21.95]
2024-03-01 00:38:41,651 [trainer.py] => NME top5 curve: [79.7, 60.1]

2024-03-01 00:38:41,651 [trainer.py] => Average Accuracy (CNN): 22.875
2024-03-01 00:38:41,651 [trainer.py] => Average Accuracy (NME): 24.725
2024-03-01 00:38:41,652 [trainer.py] => All params: 11179092
2024-03-01 00:38:41,652 [trainer.py] => Trainable params: 11179092
2024-03-01 00:38:41,680 [icarl.py] => Learning on 20-30
2024-03-01 00:47:23,107 [trainer.py] => config: ./exps/icarl.json
2024-03-01 00:47:23,107 [trainer.py] => prefix: reproduce
2024-03-01 00:47:23,107 [trainer.py] => dataset: cifar100
2024-03-01 00:47:23,107 [trainer.py] => memory_size: 2000
2024-03-01 00:47:23,107 [trainer.py] => memory_per_class: 20
2024-03-01 00:47:23,107 [trainer.py] => fixed_memory: False
2024-03-01 00:47:23,107 [trainer.py] => shuffle: True
2024-03-01 00:47:23,107 [trainer.py] => init_cls: 10
2024-03-01 00:47:23,107 [trainer.py] => increment: 10
2024-03-01 00:47:23,107 [trainer.py] => model_name: icarl
2024-03-01 00:47:23,107 [trainer.py] => convnet_type: resnet18
2024-03-01 00:47:23,107 [trainer.py] => device: [device(type='mps')]
2024-03-01 00:47:23,107 [trainer.py] => seed: 1993
2024-03-01 00:47:24,683 [data_manager.py] => [68, 56, 78, 8, 23, 84, 90, 65, 74, 76, 40, 89, 3, 92, 55, 9, 26, 80, 43, 38, 58, 70, 77, 1, 85, 19, 17, 50, 28, 53, 13, 81, 45, 82, 6, 59, 83, 16, 15, 44, 91, 41, 72, 60, 79, 52, 20, 10, 31, 54, 37, 95, 14, 71, 96, 98, 97, 2, 64, 66, 42, 22, 35, 86, 24, 34, 87, 21, 99, 0, 88, 27, 18, 94, 11, 12, 47, 25, 30, 46, 62, 69, 36, 61, 7, 63, 75, 5, 32, 4, 51, 48, 73, 93, 39, 67, 29, 49, 57, 33]
2024-03-01 00:47:25,111 [trainer.py] => All params: 11168832
2024-03-01 00:47:25,112 [trainer.py] => Trainable params: 11168832
2024-03-01 00:47:25,112 [icarl.py] => Learning on 0-10
2024-03-01 00:48:58,043 [trainer.py] => config: ./exps/icarl.json
2024-03-01 00:48:58,043 [trainer.py] => prefix: reproduce
2024-03-01 00:48:58,043 [trainer.py] => dataset: cifar100
2024-03-01 00:48:58,043 [trainer.py] => memory_size: 2000
2024-03-01 00:48:58,043 [trainer.py] => memory_per_class: 20
2024-03-01 00:48:58,043 [trainer.py] => fixed_memory: False
2024-03-01 00:48:58,043 [trainer.py] => shuffle: True
2024-03-01 00:48:58,043 [trainer.py] => init_cls: 10
2024-03-01 00:48:58,043 [trainer.py] => increment: 10
2024-03-01 00:48:58,043 [trainer.py] => model_name: icarl
2024-03-01 00:48:58,043 [trainer.py] => convnet_type: resnet18
2024-03-01 00:48:58,043 [trainer.py] => device: [device(type='mps')]
2024-03-01 00:48:58,043 [trainer.py] => seed: 1993
2024-03-01 00:48:59,573 [data_manager.py] => [68, 56, 78, 8, 23, 84, 90, 65, 74, 76, 40, 89, 3, 92, 55, 9, 26, 80, 43, 38, 58, 70, 77, 1, 85, 19, 17, 50, 28, 53, 13, 81, 45, 82, 6, 59, 83, 16, 15, 44, 91, 41, 72, 60, 79, 52, 20, 10, 31, 54, 37, 95, 14, 71, 96, 98, 97, 2, 64, 66, 42, 22, 35, 86, 24, 34, 87, 21, 99, 0, 88, 27, 18, 94, 11, 12, 47, 25, 30, 46, 62, 69, 36, 61, 7, 63, 75, 5, 32, 4, 51, 48, 73, 93, 39, 67, 29, 49, 57, 33]
2024-03-01 00:52:17,157 [trainer.py] => config: ./exps/icarl.json
2024-03-01 00:52:17,157 [trainer.py] => prefix: reproduce
2024-03-01 00:52:17,157 [trainer.py] => dataset: cifar100
2024-03-01 00:52:17,157 [trainer.py] => memory_size: 2000
2024-03-01 00:52:17,157 [trainer.py] => memory_per_class: 20
2024-03-01 00:52:17,157 [trainer.py] => fixed_memory: False
2024-03-01 00:52:17,157 [trainer.py] => shuffle: True
2024-03-01 00:52:17,157 [trainer.py] => init_cls: 10
2024-03-01 00:52:17,157 [trainer.py] => increment: 10
2024-03-01 00:52:17,157 [trainer.py] => model_name: icarl
2024-03-01 00:52:17,157 [trainer.py] => convnet_type: resnet18
2024-03-01 00:52:17,157 [trainer.py] => device: [device(type='mps')]
2024-03-01 00:52:17,157 [trainer.py] => seed: 1993
2024-03-01 00:52:18,698 [data_manager.py] => [68, 56, 78, 8, 23, 84, 90, 65, 74, 76, 40, 89, 3, 92, 55, 9, 26, 80, 43, 38, 58, 70, 77, 1, 85, 19, 17, 50, 28, 53, 13, 81, 45, 82, 6, 59, 83, 16, 15, 44, 91, 41, 72, 60, 79, 52, 20, 10, 31, 54, 37, 95, 14, 71, 96, 98, 97, 2, 64, 66, 42, 22, 35, 86, 24, 34, 87, 21, 99, 0, 88, 27, 18, 94, 11, 12, 47, 25, 30, 46, 62, 69, 36, 61, 7, 63, 75, 5, 32, 4, 51, 48, 73, 93, 39, 67, 29, 49, 57, 33]
2024-03-01 00:55:41,158 [base.py] => Reducing exemplars...(5 per classes)
2024-03-01 00:55:41,159 [base.py] => Constructing exemplars...(5 per classes)
2024-03-01 00:59:56,445 [icarl.py] => Exemplar size: 50
2024-03-01 01:04:03,225 [base.py] => Reducing exemplars...(5 per classes)
2024-03-01 01:05:14,430 [base.py] => Constructing exemplars...(5 per classes)
2024-03-01 01:10:07,488 [icarl.py] => Exemplar size: 100
2024-03-01 01:28:11,071 [trainer.py] => config: ./exps/icarl.json
2024-03-01 01:28:11,071 [trainer.py] => prefix: reproduce
2024-03-01 01:28:11,071 [trainer.py] => dataset: cifar100
2024-03-01 01:28:11,071 [trainer.py] => memory_size: 2000
2024-03-01 01:28:11,071 [trainer.py] => memory_per_class: 20
2024-03-01 01:28:11,071 [trainer.py] => fixed_memory: False
2024-03-01 01:28:11,071 [trainer.py] => shuffle: True
2024-03-01 01:28:11,071 [trainer.py] => init_cls: 10
2024-03-01 01:28:11,071 [trainer.py] => increment: 10
2024-03-01 01:28:11,071 [trainer.py] => model_name: icarl
2024-03-01 01:28:11,071 [trainer.py] => convnet_type: resnet18
2024-03-01 01:28:11,071 [trainer.py] => device: [device(type='mps')]
2024-03-01 01:28:11,071 [trainer.py] => seed: 1993
2024-03-01 01:28:12,628 [data_manager.py] => [68, 56, 78, 8, 23, 84, 90, 65, 74, 76, 40, 89, 3, 92, 55, 9, 26, 80, 43, 38, 58, 70, 77, 1, 85, 19, 17, 50, 28, 53, 13, 81, 45, 82, 6, 59, 83, 16, 15, 44, 91, 41, 72, 60, 79, 52, 20, 10, 31, 54, 37, 95, 14, 71, 96, 98, 97, 2, 64, 66, 42, 22, 35, 86, 24, 34, 87, 21, 99, 0, 88, 27, 18, 94, 11, 12, 47, 25, 30, 46, 62, 69, 36, 61, 7, 63, 75, 5, 32, 4, 51, 48, 73, 93, 39, 67, 29, 49, 57, 33]
2024-03-01 01:35:50,542 [icarl.py] => Exemplar size: 50
2024-03-01 01:46:05,011 [icarl.py] => Exemplar size: 100
2024-03-01 01:52:02,242 [trainer.py] => config: ./exps/icarl.json
2024-03-01 01:52:02,243 [trainer.py] => prefix: reproduce
2024-03-01 01:52:02,243 [trainer.py] => dataset: cifar100
2024-03-01 01:52:02,243 [trainer.py] => memory_size: 2000
2024-03-01 01:52:02,243 [trainer.py] => memory_per_class: 20
2024-03-01 01:52:02,243 [trainer.py] => fixed_memory: False
2024-03-01 01:52:02,243 [trainer.py] => shuffle: True
2024-03-01 01:52:02,243 [trainer.py] => init_cls: 10
2024-03-01 01:52:02,243 [trainer.py] => increment: 10
2024-03-01 01:52:02,243 [trainer.py] => model_name: icarl
2024-03-01 01:52:02,243 [trainer.py] => convnet_type: resnet18
2024-03-01 01:52:02,243 [trainer.py] => device: [device(type='mps')]
2024-03-01 01:52:02,243 [trainer.py] => seed: 1993
2024-03-01 01:52:03,816 [data_manager.py] => [68, 56, 78, 8, 23, 84, 90, 65, 74, 76, 40, 89, 3, 92, 55, 9, 26, 80, 43, 38, 58, 70, 77, 1, 85, 19, 17, 50, 28, 53, 13, 81, 45, 82, 6, 59, 83, 16, 15, 44, 91, 41, 72, 60, 79, 52, 20, 10, 31, 54, 37, 95, 14, 71, 96, 98, 97, 2, 64, 66, 42, 22, 35, 86, 24, 34, 87, 21, 99, 0, 88, 27, 18, 94, 11, 12, 47, 25, 30, 46, 62, 69, 36, 61, 7, 63, 75, 5, 32, 4, 51, 48, 73, 93, 39, 67, 29, 49, 57, 33]
2024-03-01 14:52:18,562 [trainer.py] => config: ./exps/icarl.json
2024-03-01 14:52:18,562 [trainer.py] => prefix: reproduce
2024-03-01 14:52:18,562 [trainer.py] => dataset: cifar100
2024-03-01 14:52:18,562 [trainer.py] => memory_size: 2000
2024-03-01 14:52:18,562 [trainer.py] => memory_per_class: 20
2024-03-01 14:52:18,562 [trainer.py] => fixed_memory: False
2024-03-01 14:52:18,562 [trainer.py] => shuffle: True
2024-03-01 14:52:18,562 [trainer.py] => init_cls: 10
2024-03-01 14:52:18,562 [trainer.py] => increment: 10
2024-03-01 14:52:18,562 [trainer.py] => model_name: icarl
2024-03-01 14:52:18,563 [trainer.py] => convnet_type: resnet18
2024-03-01 14:52:18,563 [trainer.py] => device: [device(type='mps')]
2024-03-01 14:52:18,563 [trainer.py] => seed: 1993
2024-03-01 14:52:20,109 [data_manager.py] => [68, 56, 78, 8, 23, 84, 90, 65, 74, 76, 40, 89, 3, 92, 55, 9, 26, 80, 43, 38, 58, 70, 77, 1, 85, 19, 17, 50, 28, 53, 13, 81, 45, 82, 6, 59, 83, 16, 15, 44, 91, 41, 72, 60, 79, 52, 20, 10, 31, 54, 37, 95, 14, 71, 96, 98, 97, 2, 64, 66, 42, 22, 35, 86, 24, 34, 87, 21, 99, 0, 88, 27, 18, 94, 11, 12, 47, 25, 30, 46, 62, 69, 36, 61, 7, 63, 75, 5, 32, 4, 51, 48, 73, 93, 39, 67, 29, 49, 57, 33]
2024-03-01 16:36:42,578 [trainer.py] => config: ./exps/icarl.json
2024-03-01 16:36:42,578 [trainer.py] => prefix: reproduce
2024-03-01 16:36:42,578 [trainer.py] => dataset: cifar100
2024-03-01 16:36:42,578 [trainer.py] => memory_size: 2000
2024-03-01 16:36:42,578 [trainer.py] => memory_per_class: 20
2024-03-01 16:36:42,578 [trainer.py] => fixed_memory: False
2024-03-01 16:36:42,578 [trainer.py] => shuffle: True
2024-03-01 16:36:42,578 [trainer.py] => init_cls: 10
2024-03-01 16:36:42,578 [trainer.py] => increment: 10
2024-03-01 16:36:42,578 [trainer.py] => model_name: icarl
2024-03-01 16:36:42,578 [trainer.py] => convnet_type: resnet18
2024-03-01 16:36:42,579 [trainer.py] => device: [device(type='mps')]
2024-03-01 16:36:42,579 [trainer.py] => seed: 1993
2024-03-01 16:36:44,133 [data_manager.py] => [68, 56, 78, 8, 23, 84, 90, 65, 74, 76, 40, 89, 3, 92, 55, 9, 26, 80, 43, 38, 58, 70, 77, 1, 85, 19, 17, 50, 28, 53, 13, 81, 45, 82, 6, 59, 83, 16, 15, 44, 91, 41, 72, 60, 79, 52, 20, 10, 31, 54, 37, 95, 14, 71, 96, 98, 97, 2, 64, 66, 42, 22, 35, 86, 24, 34, 87, 21, 99, 0, 88, 27, 18, 94, 11, 12, 47, 25, 30, 46, 62, 69, 36, 61, 7, 63, 75, 5, 32, 4, 51, 48, 73, 93, 39, 67, 29, 49, 57, 33]
2024-03-02 08:21:55,562 [trainer.py] => config: ./exps/icarl.json
2024-03-02 08:21:55,562 [trainer.py] => prefix: reproduce
2024-03-02 08:21:55,562 [trainer.py] => dataset: cifar100
2024-03-02 08:21:55,562 [trainer.py] => memory_size: 2000
2024-03-02 08:21:55,562 [trainer.py] => memory_per_class: 20
2024-03-02 08:21:55,562 [trainer.py] => fixed_memory: False
2024-03-02 08:21:55,562 [trainer.py] => shuffle: True
2024-03-02 08:21:55,562 [trainer.py] => init_cls: 10
2024-03-02 08:21:55,562 [trainer.py] => increment: 10
2024-03-02 08:21:55,562 [trainer.py] => model_name: icarl
2024-03-02 08:21:55,562 [trainer.py] => convnet_type: resnet18
2024-03-02 08:21:55,562 [trainer.py] => device: [device(type='mps')]
2024-03-02 08:21:55,562 [trainer.py] => seed: 1993
2024-03-02 08:21:57,122 [data_manager.py] => [68, 56, 78, 8, 23, 84, 90, 65, 74, 76, 40, 89, 3, 92, 55, 9, 26, 80, 43, 38, 58, 70, 77, 1, 85, 19, 17, 50, 28, 53, 13, 81, 45, 82, 6, 59, 83, 16, 15, 44, 91, 41, 72, 60, 79, 52, 20, 10, 31, 54, 37, 95, 14, 71, 96, 98, 97, 2, 64, 66, 42, 22, 35, 86, 24, 34, 87, 21, 99, 0, 88, 27, 18, 94, 11, 12, 47, 25, 30, 46, 62, 69, 36, 61, 7, 63, 75, 5, 32, 4, 51, 48, 73, 93, 39, 67, 29, 49, 57, 33]
