2024-04-14 19:39:22,546 [trainer.py] => config: ./exps/finetune.json
2024-04-14 19:39:22,546 [trainer.py] => prefix: reproduce
2024-04-14 19:39:22,546 [trainer.py] => dataset: cifar100
2024-04-14 19:39:22,546 [trainer.py] => memory_size: 2000
2024-04-14 19:39:22,546 [trainer.py] => memory_per_class: 20
2024-04-14 19:39:22,546 [trainer.py] => fixed_memory: False
2024-04-14 19:39:22,546 [trainer.py] => shuffle: True
2024-04-14 19:39:22,546 [trainer.py] => init_cls: 10
2024-04-14 19:39:22,546 [trainer.py] => increment: 10
2024-04-14 19:39:22,546 [trainer.py] => model_name: finetune
2024-04-14 19:39:22,546 [trainer.py] => convnet_type: resnet32
2024-04-14 19:39:22,546 [trainer.py] => device: [device(type='mps')]
2024-04-14 19:39:22,546 [trainer.py] => seed: 1993
2024-04-14 19:39:24,193 [data_manager.py] => [68, 56, 78, 8, 23, 84, 90, 65, 74, 76, 40, 89, 3, 92, 55, 9, 26, 80, 43, 38, 58, 70, 77, 1, 85, 19, 17, 50, 28, 53, 13, 81, 45, 82, 6, 59, 83, 16, 15, 44, 91, 41, 72, 60, 79, 52, 20, 10, 31, 54, 37, 95, 14, 71, 96, 98, 97, 2, 64, 66, 42, 22, 35, 86, 24, 34, 87, 21, 99, 0, 88, 27, 18, 94, 11, 12, 47, 25, 30, 46, 62, 69, 36, 61, 7, 63, 75, 5, 32, 4, 51, 48, 73, 93, 39, 67, 29, 49, 57, 33]
2024-04-14 19:39:24,789 [finetune.py] => Learning on 0-10
2024-04-14 19:40:42,090 [trainer.py] => config: ./exps/finetune.json
2024-04-14 19:40:42,090 [trainer.py] => prefix: reproduce
2024-04-14 19:40:42,090 [trainer.py] => dataset: cifar100
2024-04-14 19:40:42,090 [trainer.py] => memory_size: 2000
2024-04-14 19:40:42,090 [trainer.py] => memory_per_class: 20
2024-04-14 19:40:42,090 [trainer.py] => fixed_memory: False
2024-04-14 19:40:42,090 [trainer.py] => shuffle: True
2024-04-14 19:40:42,090 [trainer.py] => init_cls: 10
2024-04-14 19:40:42,090 [trainer.py] => increment: 10
2024-04-14 19:40:42,090 [trainer.py] => model_name: finetune
2024-04-14 19:40:42,090 [trainer.py] => convnet_type: resnet32
2024-04-14 19:40:42,090 [trainer.py] => device: [device(type='mps')]
2024-04-14 19:40:42,090 [trainer.py] => seed: 1993
2024-04-14 19:40:43,756 [data_manager.py] => [68, 56, 78, 8, 23, 84, 90, 65, 74, 76, 40, 89, 3, 92, 55, 9, 26, 80, 43, 38, 58, 70, 77, 1, 85, 19, 17, 50, 28, 53, 13, 81, 45, 82, 6, 59, 83, 16, 15, 44, 91, 41, 72, 60, 79, 52, 20, 10, 31, 54, 37, 95, 14, 71, 96, 98, 97, 2, 64, 66, 42, 22, 35, 86, 24, 34, 87, 21, 99, 0, 88, 27, 18, 94, 11, 12, 47, 25, 30, 46, 62, 69, 36, 61, 7, 63, 75, 5, 32, 4, 51, 48, 73, 93, 39, 67, 29, 49, 57, 33]
2024-04-14 19:40:44,502 [finetune.py] => Learning on 0-10
